<?xml version="1.0" encoding="UTF-8"?>
<testsuite name="argelbargel.dummy.base.DummyBaseTest" tests="2" skipped="0" failures="0" errors="0" timestamp="2023-05-26T02:28:00" hostname="amrits-MacBook-Pro.local" time="0.007">
  <properties/>
  <testcase name="testGetParts" classname="argelbargel.dummy.base.DummyBaseTest" time="0.006"/>
  <testcase name="testToString" classname="argelbargel.dummy.base.DummyBaseTest" time="0.001"/>
  <system-out><![CDATA[]]></system-out>
  <system-err><![CDATA[]]></system-err>
</testsuite>
