<?xml version="1.0" encoding="UTF-8"?>
<testsuite name="argelbargel.dummy.extension.DummyExtensionTest" tests="1" skipped="0" failures="0" errors="0" timestamp="2023-05-26T02:28:01" hostname="amrits-MacBook-Pro.local" time="0.007">
  <properties/>
  <testcase name="testToString" classname="argelbargel.dummy.extension.DummyExtensionTest" time="0.007"/>
  <system-out><![CDATA[]]></system-out>
  <system-err><![CDATA[]]></system-err>
</testsuite>
